
  .   ____          _            __ _ _
 /\\ / ___'_ __ _ _(_)_ __  __ _ \ \ \ \
( ( )\___ | '_ | '_| | '_ \/ _` | \ \ \ \
 \\/  ___)| |_)| | | | | || (_| |  ) ) ) )
  '  |____| .__|_| |_|_| |_\__, | / / / /
 =========|_|==============|___/=/_/_/_/

 :: Spring Boot ::                (v3.5.7)

2025-11-13T17:12:10.751+05:30  INFO 224215 --- [           main] c.t.t.TimesheetManagementApplication     : Starting TimesheetManagementApplication v0.0.1-SNAPSHOT using Java 17.0.16 with PID 224215 (/home/athiraak/Desktop/timesheet_management/target/timesheet_management-0.0.1-SNAPSHOT.jar started by athiraak in /home/athiraak/Desktop/timesheet_management)
2025-11-13T17:12:10.753+05:30  INFO 224215 --- [           main] c.t.t.TimesheetManagementApplication     : No active profile set, falling back to 1 default profile: "default"
2025-11-13T17:12:11.701+05:30  INFO 224215 --- [           main] .s.d.r.c.RepositoryConfigurationDelegate : Bootstrapping Spring Data JPA repositories in DEFAULT mode.
2025-11-13T17:12:11.760+05:30  INFO 224215 --- [           main] .s.d.r.c.RepositoryConfigurationDelegate : Finished Spring Data repository scanning in 50 ms. Found 7 JPA repository interfaces.
2025-11-13T17:12:12.364+05:30  INFO 224215 --- [           main] o.s.b.w.embedded.tomcat.TomcatWebServer  : Tomcat initialized with port 8081 (http)
2025-11-13T17:12:12.376+05:30  INFO 224215 --- [           main] o.apache.catalina.core.StandardService   : Starting service [Tomcat]
2025-11-13T17:12:12.376+05:30  INFO 224215 --- [           main] o.apache.catalina.core.StandardEngine    : Starting Servlet engine: [Apache Tomcat/10.1.48]
2025-11-13T17:12:12.406+05:30  INFO 224215 --- [           main] o.a.c.c.C.[Tomcat].[localhost].[/]       : Initializing Spring embedded WebApplicationContext
2025-11-13T17:12:12.407+05:30  INFO 224215 --- [           main] w.s.c.ServletWebServerApplicationContext : Root WebApplicationContext: initialization completed in 1609 ms
2025-11-13T17:12:12.547+05:30  INFO 224215 --- [           main] o.hibernate.jpa.internal.util.LogHelper  : HHH000204: Processing PersistenceUnitInfo [name: default]
2025-11-13T17:12:12.592+05:30  INFO 224215 --- [           main] org.hibernate.Version                    : HHH000412: Hibernate ORM core version 6.6.33.Final
2025-11-13T17:12:12.633+05:30  INFO 224215 --- [           main] o.h.c.internal.RegionFactoryInitiator    : HHH000026: Second-level cache disabled
2025-11-13T17:12:12.846+05:30  INFO 224215 --- [           main] o.s.o.j.p.SpringPersistenceUnitInfo      : No LoadTimeWeaver setup: ignoring JPA class transformer
2025-11-13T17:12:12.874+05:30  INFO 224215 --- [           main] com.zaxxer.hikari.HikariDataSource       : HikariPool-1 - Starting...
2025-11-13T17:12:13.164+05:30  INFO 224215 --- [           main] com.zaxxer.hikari.pool.HikariPool        : HikariPool-1 - Added connection org.postgresql.jdbc.PgConnection@edbc2bf
2025-11-13T17:12:13.166+05:30  INFO 224215 --- [           main] com.zaxxer.hikari.HikariDataSource       : HikariPool-1 - Start completed.
2025-11-13T17:12:13.234+05:30  INFO 224215 --- [           main] org.hibernate.orm.connections.pooling    : HHH10001005: Database info:
	Database JDBC URL [Connecting through datasource 'HikariDataSource (HikariPool-1)']
	Database driver: undefined/unknown
	Database version: 14.19
	Autocommit mode: undefined/unknown
	Isolation level: undefined/unknown
	Minimum pool size: undefined/unknown
	Maximum pool size: undefined/unknown
2025-11-13T17:12:14.299+05:30  INFO 224215 --- [           main] o.h.e.t.j.p.i.JtaPlatformInitiator       : HHH000489: No JTA platform available (set 'hibernate.transaction.jta.platform' to enable JTA platform integration)
2025-11-13T17:12:14.408+05:30  INFO 224215 --- [           main] j.LocalContainerEntityManagerFactoryBean : Initialized JPA EntityManagerFactory for persistence unit 'default'
2025-11-13T17:12:14.913+05:30  INFO 224215 --- [           main] o.s.d.j.r.query.QueryEnhancerFactory     : Hibernate is in classpath; If applicable, HQL parser will be used.
2025-11-13T17:12:15.339+05:30  INFO 224215 --- [           main] eAuthenticationProviderManagerConfigurer : Global AuthenticationManager configured with AuthenticationProvider bean with name daoAuthenticationProvider
2025-11-13T17:12:15.340+05:30  WARN 224215 --- [           main] r$InitializeUserDetailsManagerConfigurer : Global AuthenticationManager configured with an AuthenticationProvider bean. UserDetailsService beans will not be used by Spring Security for automatically configuring username/password login. Consider removing the AuthenticationProvider bean. Alternatively, consider using the UserDetailsService in a manually instantiated DaoAuthenticationProvider. If the current configuration is intentional, to turn off this warning, increase the logging level of 'org.springframework.security.config.annotation.authentication.configuration.InitializeUserDetailsBeanManagerConfigurer' to ERROR
2025-11-13T17:12:15.476+05:30  WARN 224215 --- [           main] JpaBaseConfiguration$JpaWebConfiguration : spring.jpa.open-in-view is enabled by default. Therefore, database queries may be performed during view rendering. Explicitly configure spring.jpa.open-in-view to disable this warning
2025-11-13T17:12:15.814+05:30 DEBUG 224215 --- [           main] o.s.s.web.DefaultSecurityFilterChain     : Will secure any request with filters: DisableEncodeUrlFilter, WebAsyncManagerIntegrationFilter, SecurityContextHolderFilter, HeaderWriterFilter, LogoutFilter, JwtAuthenticationFilter, RequestCacheAwareFilter, SecurityContextHolderAwareRequestFilter, AnonymousAuthenticationFilter, SessionManagementFilter, ExceptionTranslationFilter, AuthorizationFilter
2025-11-13T17:12:16.153+05:30  INFO 224215 --- [           main] o.s.b.w.embedded.tomcat.TomcatWebServer  : Tomcat started on port 8081 (http) with context path '/'
2025-11-13T17:12:16.164+05:30  INFO 224215 --- [           main] c.t.t.TimesheetManagementApplication     : Started TimesheetManagementApplication in 5.91 seconds (process running for 6.347)
2025-11-13T17:39:27.273+05:30  INFO 224215 --- [nio-8081-exec-1] o.a.c.c.C.[Tomcat].[localhost].[/]       : Initializing Spring DispatcherServlet 'dispatcherServlet'
2025-11-13T17:39:27.274+05:30  INFO 224215 --- [nio-8081-exec-1] o.s.web.servlet.DispatcherServlet        : Initializing Servlet 'dispatcherServlet'
2025-11-13T17:39:27.275+05:30  INFO 224215 --- [nio-8081-exec-1] o.s.web.servlet.DispatcherServlet        : Completed initialization in 1 ms
2025-11-13T17:39:27.291+05:30 DEBUG 224215 --- [nio-8081-exec-1] o.s.security.web.FilterChainProxy        : Securing POST /auth/login
2025-11-13T17:39:27.299+05:30 DEBUG 224215 --- [nio-8081-exec-1] o.s.s.w.a.AnonymousAuthenticationFilter  : Set SecurityContextHolder to anonymous SecurityContext
2025-11-13T17:39:27.301+05:30 DEBUG 224215 --- [nio-8081-exec-1] o.s.security.web.FilterChainProxy        : Secured POST /auth/login
Hibernate: 
    select
        u1_0.id,
        u1_0.active,
        u1_0.department_id,
        u1_0.email,
        u1_0.name,
        u1_0.password,
        u1_0.phone_number,
        u1_0.role_id 
    from
        users u1_0 
    where
        u1_0.email=?
Hibernate: 
    select
        r1_0.id,
        r1_0.name 
    from
        roles r1_0 
    where
        r1_0.id=?
2025-11-13T17:39:27.871+05:30 DEBUG 224215 --- [nio-8081-exec-1] o.s.s.a.dao.DaoAuthenticationProvider    : Authenticated user
Hibernate: 
    select
        u1_0.id,
        u1_0.active,
        u1_0.department_id,
        u1_0.email,
        u1_0.name,
        u1_0.password,
        u1_0.phone_number,
        u1_0.role_id 
    from
        users u1_0 
    where
        u1_0.email=?
2025-11-13T17:39:29.061+05:30 DEBUG 224215 --- [nio-8081-exec-3] o.s.security.web.FilterChainProxy        : Securing POST /auth/login
2025-11-13T17:39:29.062+05:30 DEBUG 224215 --- [nio-8081-exec-3] o.s.s.w.a.AnonymousAuthenticationFilter  : Set SecurityContextHolder to anonymous SecurityContext
2025-11-13T17:39:29.062+05:30 DEBUG 224215 --- [nio-8081-exec-3] o.s.security.web.FilterChainProxy        : Secured POST /auth/login
Hibernate: 
    select
        u1_0.id,
        u1_0.active,
        u1_0.department_id,
        u1_0.email,
        u1_0.name,
        u1_0.password,
        u1_0.phone_number,
        u1_0.role_id 
    from
        users u1_0 
    where
        u1_0.email=?
Hibernate: 
    select
        r1_0.id,
        r1_0.name 
    from
        roles r1_0 
    where
        r1_0.id=?
2025-11-13T17:39:29.346+05:30 DEBUG 224215 --- [nio-8081-exec-3] o.s.s.a.dao.DaoAuthenticationProvider    : Authenticated user
Hibernate: 
    select
        u1_0.id,
        u1_0.active,
        u1_0.department_id,
        u1_0.email,
        u1_0.name,
        u1_0.password,
        u1_0.phone_number,
        u1_0.role_id 
    from
        users u1_0 
    where
        u1_0.email=?
2025-11-13T18:56:45.892+05:30  INFO 224215 --- [ionShutdownHook] o.s.b.w.e.tomcat.GracefulShutdown        : Commencing graceful shutdown. Waiting for active requests to complete
2025-11-13T18:56:45.896+05:30  INFO 224215 --- [tomcat-shutdown] o.s.b.w.e.tomcat.GracefulShutdown        : Graceful shutdown complete
2025-11-13T18:56:45.906+05:30  INFO 224215 --- [ionShutdownHook] j.LocalContainerEntityManagerFactoryBean : Closing JPA EntityManagerFactory for persistence unit 'default'
2025-11-13T18:56:45.909+05:30  INFO 224215 --- [ionShutdownHook] com.zaxxer.hikari.HikariDataSource       : HikariPool-1 - Shutdown initiated...
2025-11-13T18:56:45.942+05:30  INFO 224215 --- [ionShutdownHook] com.zaxxer.hikari.HikariDataSource       : HikariPool-1 - Shutdown completed.
